       5
      -1       1       0
    10
        -4         4        -3       0.000000       0.000000
 0.250 0.400 0.250
         4         4        -3       0.000000       0.000000
 0.250 0.400 0.250
         4         4         3       0.000000       0.000000
 0.250 0.400 0.250
        -4         4         3       0.000000       0.000000
 0.250 0.400 0.250
        -4         6        -3       0.000000       0.000000
 0.250 0.400 0.250
         4         6        -3       0.000000       0.000000
 0.250 0.400 0.250
         4         6         3       0.000000       0.000000
 0.250 0.400 0.250
        -4         6         3       0.000000       0.000000
 0.250 0.400 0.250
         1         8        -2       0.000000       0.000000
 0.250 0.400 0.250
         1         8         2       0.000000       0.000000
 0.250 0.400 0.250
    14
    10     8     7 0
     9     6     5 0
     9     7     6 0
    10     9     7 1
    10     9     5 0
    10     8     5 1
     8     5     4 0
     5     4     1 1
     6     5     1 1
     6     2     1 0
     7     6     2 1
     7     3     2 0
     8     7     3 1
     8     4     3 0
       0       1       0
    10
        -4         1        -4       0.000000       0.000000
 0.250 0.400 0.250
         5         1        -4       0.000000       0.000000
 0.250 0.400 0.250
         5         1         4       0.000000       0.000000
 0.250 0.400 0.250
        -4         1         4       0.000000       0.000000
 0.250 0.400 0.250
        -8         3        -4       0.000000       0.000000
 0.250 0.400 0.250
         7         4        -4       0.000000       0.000000
 0.250 0.400 0.250
         7         4         4       0.000000       0.000000
 0.250 0.400 0.250
        -8         3         4       0.000000       0.000000
 0.250 0.400 0.250
         5         5        -2       0.000000       0.000000
 0.250 0.400 0.250
         5         5         2       0.000000       0.000000
 0.250 0.400 0.250
    14
    10     8     7 0
     9     6     5 0
     9     7     6 0
    10     9     7 1
    10     9     5 0
    10     8     5 1
     8     5     4 0
     5     4     1 1
     6     5     1 1
     6     2     1 0
     7     6     2 1
     7     3     2 0
     8     7     3 1
     8     4     3 0
       0       0       8
    10
       -10         3        -2       0.000000       0.000000
 0.370 0.580 0.500
        10         3        -2       0.000000       0.000000
 0.370 0.580 0.500
        10         3        -5       0.000000       0.000000
 0.370 0.580 0.500
       -10         3        -5       0.000000       0.000000
 0.370 0.580 0.500
        -5         0        -2       0.000000       0.000000
 0.370 0.580 0.500
         5         0        -2       0.000000       0.000000
 0.370 0.580 0.500
         5         0        -5       0.000000       0.000000
 0.370 0.580 0.500
        -5         0        -5       0.000000       0.000000
 0.370 0.580 0.500
         6         5        -5       0.000000       0.000000
 0.370 0.580 0.500
         6         5        -2       0.000000       0.000000
 0.370 0.580 0.500
    16
     1     5     6 0
     1     2     6 1
     2     6     7 0
     2     3     7 1
     3     7     8 0
     3     4     8 1
     4     5     8 1
     1     4     5 0
    10     2     1 1
     9     4     3 1
    10     9     3 1
    10     3     2 1
    10     9     4 0
    10     4     1 0
     8     7     5 0
     7     6     5 0
       0       0      -8
    10
         6         5         2       0.000000       0.000000
 0.370 0.580 0.500
         6         5         5       0.000000       0.000000
 0.370 0.580 0.500
        -5         0         5       0.000000       0.000000
 0.370 0.580 0.500
         5         0         5       0.000000       0.000000
 0.370 0.580 0.500
         5         0         2       0.000000       0.000000
 0.370 0.580 0.500
        -5         0         2       0.000000       0.000000
 0.370 0.580 0.500
       -10         3         5       0.000000       0.000000
 0.370 0.580 0.500
        10         3         5       0.000000       0.000000
 0.370 0.580 0.500
        10         3         2       0.000000       0.000000
 0.370 0.580 0.500
       -10         3         2       0.000000       0.000000
 0.370 0.580 0.500
    16
     4     5     6 1
     3     4     6 1
     1     7    10 1
     1     2     7 1
     1     8     9 0
     1     2     8 0
     2     7     8 0
     1     9    10 0
    10     7     6 1
     7     6     3 0
     8     7     3 0
     8     4     3 1
     9     8     4 0
     9     5     4 1
    10     9     5 0
    10     6     5 1
       2       7       0
     6
        11         0         0       0.000000       0.000000
 0.300 0.500 0.300
        11        -1         1       0.000000       0.000000
 0.300 0.500 0.300
        -1        -1         1       0.000000       0.000000
 0.300 0.500 0.300
        -1         0         0       0.000000       0.000000
 0.300 0.500 0.300
        11        -1        -1       0.000000       0.000000
 0.300 0.500 0.300
        -1        -1        -1       0.000000       0.000000
 0.300 0.500 0.300
     7
     2     3     4 1
     1     2     4 1
     1     2     5 0
     2     3     6 0
     2     5     6 1
     1     4     6 1
     1     5     6 0
