   441
       450         0       450      10.000000       9.000000
 2.000 2.000 2.000
       450         0       405      10.000000      10.000000
 2.000 2.000 2.000
       450         0       360      10.000000       9.000000
 2.000 2.000 2.000
       450         0       315      10.000000       8.000000
 2.000 2.000 2.000
       450         0       270      10.000000       7.000000
 2.000 2.000 2.000
       450         0       225      10.000000       6.000000
 2.000 2.000 2.000
       450         0       180      10.000000       5.000000
 2.000 2.000 2.000
       450         0       135      10.000000       4.000000
 2.000 2.000 2.000
       450         0        90      10.000000       3.000000
 2.000 2.000 2.000
       450         0        45      10.000000       2.000000
 2.000 2.000 2.000
       450         0         0      10.000000       1.000000
 2.000 2.000 2.000
       450         0       -45      10.000000       0.000000
 2.000 2.000 2.000
       450         0       -90      10.000000      -1.000000
 2.000 2.000 2.000
       450         0      -135      10.000000      -2.000000
 2.000 2.000 2.000
       450         0      -180      10.000000      -3.000000
 2.000 2.000 2.000
       450         0      -225      10.000000      -4.000000
 2.000 2.000 2.000
       450         0      -270      10.000000      -5.000000
 2.000 2.000 2.000
       450         0      -315      10.000000      -6.000000
 2.000 2.000 2.000
       450         0      -360      10.000000      -7.000000
 2.000 2.000 2.000
       450         0      -450      10.000000      -9.000000
 2.000 2.000 2.000
       450         0      -405      10.000000      -8.000000
 2.000 2.000 2.000
       405         0       450       9.000000      10.000000
 2.000 2.000 2.000
       405         0       405       9.000000       9.000000
 2.000 2.000 2.000
       405         0       360       9.000000       8.000000
 2.000 2.000 2.000
       405         0       315       9.000000       7.000000
 2.000 2.000 2.000
       405         0       270       9.000000       6.000000
 2.000 2.000 2.000
       405         0       225       9.000000       5.000000
 2.000 2.000 2.000
       405         0       180       9.000000       4.000000
 2.000 2.000 2.000
       405         0       135       9.000000       3.000000
 2.000 2.000 2.000
       405         0        90       9.000000       2.000000
 2.000 2.000 2.000
       405         0        45       9.000000       1.000000
 2.000 2.000 2.000
       405         0         0       9.000000       0.000000
 2.000 2.000 2.000
       405         0       -45       9.000000      -1.000000
 2.000 2.000 2.000
       405         0       -90       9.000000      -2.000000
 2.000 2.000 2.000
       405         0      -135       9.000000      -3.000000
 2.000 2.000 2.000
       405         0      -180       9.000000      -4.000000
 2.000 2.000 2.000
       405         0      -225       9.000000      -5.000000
 2.000 2.000 2.000
       405         0      -270       9.000000      -6.000000
 2.000 2.000 2.000
       405         0      -315       9.000000      -7.000000
 2.000 2.000 2.000
       405         0      -360       9.000000      -8.000000
 2.000 2.000 2.000
       405         0      -450       9.000000     -10.000000
 2.000 2.000 2.000
       405         0      -405       9.000000      -9.000000
 2.000 2.000 2.000
       360         0       450       8.000000      10.000000
 2.000 2.000 2.000
       360         0       405       8.000000       9.000000
 2.000 2.000 2.000
       360         0       360       8.000000       8.000000
 2.000 2.000 2.000
       360         0       315       8.000000       7.000000
 2.000 2.000 2.000
       360         0       270       8.000000       6.000000
 2.000 2.000 2.000
       360         0       225       8.000000       5.000000
 2.000 2.000 2.000
       360         0       180       8.000000       4.000000
 2.000 2.000 2.000
       360         0       135       8.000000       3.000000
 2.000 2.000 2.000
       360         0        90       8.000000       2.000000
 2.000 2.000 2.000
       360         0        45       8.000000       1.000000
 2.000 2.000 2.000
       360         0         0       8.000000       0.000000
 2.000 2.000 2.000
       360         0       -45       8.000000      -1.000000
 2.000 2.000 2.000
       360         0       -90       8.000000      -2.000000
 2.000 2.000 2.000
       360         0      -135       8.000000      -3.000000
 2.000 2.000 2.000
       360         0      -180       8.000000      -4.000000
 2.000 2.000 2.000
       360         0      -225       8.000000      -5.000000
 2.000 2.000 2.000
       360         0      -270       8.000000      -6.000000
 2.000 2.000 2.000
       360         0      -315       8.000000      -7.000000
 2.000 2.000 2.000
       360         0      -360       8.000000      -8.000000
 2.000 2.000 2.000
       360         0      -450       8.000000     -10.000000
 2.000 2.000 2.000
       360         0      -405       8.000000      -9.000000
 2.000 2.000 2.000
       315         0       450       7.000000      10.000000
 2.000 2.000 2.000
       315         0       405       7.000000       9.000000
 2.000 2.000 2.000
       315         0       360       7.000000       8.000000
 2.000 2.000 2.000
       315         0       315       7.000000       7.000000
 2.000 2.000 2.000
       315         0       270       7.000000       6.000000
 2.000 2.000 2.000
       315         0       225       7.000000       5.000000
 2.000 2.000 2.000
       315         0       180       7.000000       4.000000
 2.000 2.000 2.000
       315         0       135       7.000000       3.000000
 2.000 2.000 2.000
       315         0        90       7.000000       2.000000
 2.000 2.000 2.000
       315         0        45       7.000000       1.000000
 2.000 2.000 2.000
       315         0         0       7.000000       0.000000
 2.000 2.000 2.000
       315         0       -45       7.000000      -1.000000
 2.000 2.000 2.000
       315         0       -90       7.000000      -2.000000
 2.000 2.000 2.000
       315         0      -135       7.000000      -3.000000
 2.000 2.000 2.000
       315         0      -180       7.000000      -4.000000
 2.000 2.000 2.000
       315         0      -225       7.000000      -5.000000
 2.000 2.000 2.000
       315         0      -270       7.000000      -6.000000
 2.000 2.000 2.000
       315         0      -315       7.000000      -7.000000
 2.000 2.000 2.000
       315         0      -360       7.000000      -8.000000
 2.000 2.000 2.000
       315         0      -450       7.000000     -10.000000
 2.000 2.000 2.000
       315         0      -405       7.000000      -9.000000
 2.000 2.000 2.000
       270         0       450       6.000000      10.000000
 2.000 2.000 2.000
       270         0       405       6.000000       9.000000
 2.000 2.000 2.000
       270         0       360       6.000000       8.000000
 2.000 2.000 2.000
       270         0       315       6.000000       7.000000
 2.000 2.000 2.000
       270         0       270       6.000000       6.000000
 2.000 2.000 2.000
       270         0       225       6.000000       5.000000
 2.000 2.000 2.000
       270         0       180       6.000000       4.000000
 2.000 2.000 2.000
       270         0       135       6.000000       3.000000
 2.000 2.000 2.000
       270         0        90       6.000000       2.000000
 2.000 2.000 2.000
       270         0        45       6.000000       1.000000
 2.000 2.000 2.000
       270         0         0       6.000000       0.000000
 2.000 2.000 2.000
       270         0       -45       6.000000      -1.000000
 2.000 2.000 2.000
       270         0       -90       6.000000      -2.000000
 2.000 2.000 2.000
       270         0      -135       6.000000      -3.000000
 2.000 2.000 2.000
       270         0      -180       6.000000      -4.000000
 2.000 2.000 2.000
       270         0      -225       6.000000      -5.000000
 2.000 2.000 2.000
       270         0      -270       6.000000      -6.000000
 2.000 2.000 2.000
       270         0      -315       6.000000      -7.000000
 2.000 2.000 2.000
       270         0      -360       6.000000      -8.000000
 2.000 2.000 2.000
       270         0      -450       6.000000     -10.000000
 2.000 2.000 2.000
       270         0      -405       6.000000      -9.000000
 2.000 2.000 2.000
       225         0       450       5.000000      10.000000
 2.000 2.000 2.000
       225         0       405       5.000000       9.000000
 2.000 2.000 2.000
       225         0       360       5.000000       8.000000
 2.000 2.000 2.000
       225         0       315       5.000000       7.000000
 2.000 2.000 2.000
       225         0       270       5.000000       6.000000
 2.000 2.000 2.000
       225         0       225       5.000000       5.000000
 2.000 2.000 2.000
       225         0       180       5.000000       4.000000
 2.000 2.000 2.000
       225         0       135       5.000000       3.000000
 2.000 2.000 2.000
       225         0        90       5.000000       2.000000
 2.000 2.000 2.000
       225         0        45       5.000000       1.000000
 2.000 2.000 2.000
       225         0         0       5.000000       0.000000
 2.000 2.000 2.000
       225         0       -45       5.000000      -1.000000
 2.000 2.000 2.000
       225         0       -90       5.000000      -2.000000
 2.000 2.000 2.000
       225         0      -135       5.000000      -3.000000
 2.000 2.000 2.000
       225         0      -180       5.000000      -4.000000
 2.000 2.000 2.000
       225         0      -225       5.000000      -5.000000
 2.000 2.000 2.000
       225         0      -270       5.000000      -6.000000
 2.000 2.000 2.000
       225         0      -315       5.000000      -7.000000
 2.000 2.000 2.000
       225         0      -360       5.000000      -8.000000
 2.000 2.000 2.000
       225         0      -450       5.000000     -10.000000
 2.000 2.000 2.000
       225         0      -405       5.000000      -9.000000
 2.000 2.000 2.000
       180         0       450       4.000000      10.000000
 2.000 2.000 2.000
       180         0       405       4.000000       9.000000
 2.000 2.000 2.000
       180         0       360       4.000000       8.000000
 2.000 2.000 2.000
       180         0       315       4.000000       7.000000
 2.000 2.000 2.000
       180         0       270       4.000000       6.000000
 2.000 2.000 2.000
       180         0       225       4.000000       5.000000
 2.000 2.000 2.000
       180         0       180       4.000000       4.000000
 2.000 2.000 2.000
       180         0       135       4.000000       3.000000
 2.000 2.000 2.000
       180         0        90       4.000000       2.000000
 2.000 2.000 2.000
       180         0        45       4.000000       1.000000
 2.000 2.000 2.000
       180         0         0       4.000000       0.000000
 2.000 2.000 2.000
       180         0       -45       4.000000      -1.000000
 2.000 2.000 2.000
       180         0       -90       4.000000      -2.000000
 2.000 2.000 2.000
       180         0      -135       4.000000      -3.000000
 2.000 2.000 2.000
       180         0      -180       4.000000      -4.000000
 2.000 2.000 2.000
       180         0      -225       4.000000      -5.000000
 2.000 2.000 2.000
       180         0      -270       4.000000      -6.000000
 2.000 2.000 2.000
       180         0      -315       4.000000      -7.000000
 2.000 2.000 2.000
       180         0      -360       4.000000      -8.000000
 2.000 2.000 2.000
       180         0      -450       4.000000     -10.000000
 2.000 2.000 2.000
       180         0      -405       4.000000      -9.000000
 2.000 2.000 2.000
       135         0       450       3.000000      10.000000
 2.000 2.000 2.000
       135         0       405       3.000000       9.000000
 2.000 2.000 2.000
       135         0       360       3.000000       8.000000
 2.000 2.000 2.000
       135         0       315       3.000000       7.000000
 2.000 2.000 2.000
       135         0       270       3.000000       6.000000
 2.000 2.000 2.000
       135         0       225       3.000000       5.000000
 2.000 2.000 2.000
       135         0       180       3.000000       4.000000
 2.000 2.000 2.000
       135         0       135       3.000000       3.000000
 2.000 2.000 2.000
       135         0        90       3.000000       2.000000
 2.000 2.000 2.000
       135         0        45       3.000000       1.000000
 2.000 2.000 2.000
       135         0         0       3.000000       0.000000
 2.000 2.000 2.000
       135         0       -45       3.000000      -1.000000
 2.000 2.000 2.000
       135         0       -90       3.000000      -2.000000
 2.000 2.000 2.000
       135         0      -135       3.000000      -3.000000
 2.000 2.000 2.000
       135         0      -180       3.000000      -4.000000
 2.000 2.000 2.000
       135         0      -225       3.000000      -5.000000
 2.000 2.000 2.000
       135         0      -270       3.000000      -6.000000
 2.000 2.000 2.000
       135         0      -315       3.000000      -7.000000
 2.000 2.000 2.000
       135         0      -360       3.000000      -8.000000
 2.000 2.000 2.000
       135         0      -450       3.000000     -10.000000
 2.000 2.000 2.000
       135         0      -405       3.000000      -9.000000
 2.000 2.000 2.000
        90         0       450       2.000000      10.000000
 2.000 2.000 2.000
        90         0       405       2.000000       9.000000
 2.000 2.000 2.000
        90         0       360       2.000000       8.000000
 2.000 2.000 2.000
        90         0       315       2.000000       7.000000
 2.000 2.000 2.000
        90         0       270       2.000000       6.000000
 2.000 2.000 2.000
        90         0       225       2.000000       5.000000
 2.000 2.000 2.000
        90         0       180       2.000000       4.000000
 2.000 2.000 2.000
        90         0       135       2.000000       3.000000
 2.000 2.000 2.000
        90         0        90       2.000000       2.000000
 2.000 2.000 2.000
        90         0        45       2.000000       1.000000
 2.000 2.000 2.000
        90         0         0       2.000000       0.000000
 2.000 2.000 2.000
        90         0       -45       2.000000      -1.000000
 2.000 2.000 2.000
        90         0       -90       2.000000      -2.000000
 2.000 2.000 2.000
        90         0      -135       2.000000      -3.000000
 2.000 2.000 2.000
        90         0      -180       2.000000      -4.000000
 2.000 2.000 2.000
        90         0      -225       2.000000      -5.000000
 2.000 2.000 2.000
        90         0      -270       2.000000      -6.000000
 2.000 2.000 2.000
        90         0      -315       2.000000      -7.000000
 2.000 2.000 2.000
        90         0      -360       2.000000      -8.000000
 2.000 2.000 2.000
        90         0      -450       2.000000     -10.000000
 2.000 2.000 2.000
        90         0      -405       2.000000      -9.000000
 2.000 2.000 2.000
        45         0       450       1.000000      10.000000
 2.000 2.000 2.000
        45         0       405       1.000000       9.000000
 2.000 2.000 2.000
        45         0       360       1.000000       8.000000
 2.000 2.000 2.000
        45         0       315       1.000000       7.000000
 2.000 2.000 2.000
        45         0       270       1.000000       6.000000
 2.000 2.000 2.000
        45         0       225       1.000000       5.000000
 2.000 2.000 2.000
        45         0       180       1.000000       4.000000
 2.000 2.000 2.000
        45         0       135       1.000000       3.000000
 2.000 2.000 2.000
        45         0        90       1.000000       2.000000
 2.000 2.000 2.000
        45         0        45       1.000000       1.000000
 2.000 2.000 2.000
        45         0         0       1.000000       0.000000
 2.000 2.000 2.000
        45         0       -45       1.000000      -1.000000
 2.000 2.000 2.000
        45         0       -90       1.000000      -2.000000
 2.000 2.000 2.000
        45         0      -135       1.000000      -3.000000
 2.000 2.000 2.000
        45         0      -180       1.000000      -4.000000
 2.000 2.000 2.000
        45         0      -225       1.000000      -5.000000
 2.000 2.000 2.000
        45         0      -270       1.000000      -6.000000
 2.000 2.000 2.000
        45         0      -315       1.000000      -7.000000
 2.000 2.000 2.000
        45         0      -360       1.000000      -8.000000
 2.000 2.000 2.000
        45         0      -450       1.000000     -10.000000
 2.000 2.000 2.000
        45         0      -405       1.000000      -9.000000
 2.000 2.000 2.000
         0         0       450       0.000000      10.000000
 2.000 2.000 2.000
         0         0       405       0.000000       9.000000
 2.000 2.000 2.000
         0         0       360       0.000000       8.000000
 2.000 2.000 2.000
         0         0       315       0.000000       7.000000
 2.000 2.000 2.000
         0         0       270       0.000000       6.000000
 2.000 2.000 2.000
         0         0       225       0.000000       5.000000
 2.000 2.000 2.000
         0         0       180       0.000000       4.000000
 2.000 2.000 2.000
         0         0       135       0.000000       3.000000
 2.000 2.000 2.000
         0         0        90       0.000000       2.000000
 2.000 2.000 2.000
         0         0        45       0.000000       1.000000
 2.000 2.000 2.000
         0         0         0       0.000000       0.000000
 2.000 2.000 2.000
         0         0       -45       0.000000      -1.000000
 2.000 2.000 2.000
         0         0       -90       0.000000      -2.000000
 2.000 2.000 2.000
         0         0      -135       0.000000      -3.000000
 2.000 2.000 2.000
         0         0      -180       0.000000      -4.000000
 2.000 2.000 2.000
         0         0      -225       0.000000      -5.000000
 2.000 2.000 2.000
         0         0      -270       0.000000      -6.000000
 2.000 2.000 2.000
         0         0      -315       0.000000      -7.000000
 2.000 2.000 2.000
         0         0      -360       0.000000      -8.000000
 2.000 2.000 2.000
         0         0      -450       0.000000     -10.000000
 2.000 2.000 2.000
         0         0      -405       0.000000      -9.000000
 2.000 2.000 2.000
       -45         0       450      -1.000000      10.000000
 2.000 2.000 2.000
       -45         0       405      -1.000000       9.000000
 2.000 2.000 2.000
       -45         0       360      -1.000000       8.000000
 2.000 2.000 2.000
       -45         0       315      -1.000000       7.000000
 2.000 2.000 2.000
       -45         0       270      -1.000000       6.000000
 2.000 2.000 2.000
       -45         0       225      -1.000000       5.000000
 2.000 2.000 2.000
       -45         0       180      -1.000000       4.000000
 2.000 2.000 2.000
       -45         0       135      -1.000000       3.000000
 2.000 2.000 2.000
       -45         0        90      -1.000000       2.000000
 2.000 2.000 2.000
       -45         0        45      -1.000000       1.000000
 2.000 2.000 2.000
       -45         0         0      -1.000000       0.000000
 2.000 2.000 2.000
       -45         0       -45      -1.000000      -1.000000
 2.000 2.000 2.000
       -45         0       -90      -1.000000      -2.000000
 2.000 2.000 2.000
       -45         0      -135      -1.000000      -3.000000
 2.000 2.000 2.000
       -45         0      -180      -1.000000      -4.000000
 2.000 2.000 2.000
       -45         0      -225      -1.000000      -5.000000
 2.000 2.000 2.000
       -45         0      -270      -1.000000      -6.000000
 2.000 2.000 2.000
       -45         0      -315      -1.000000      -7.000000
 2.000 2.000 2.000
       -45         0      -360      -1.000000      -8.000000
 2.000 2.000 2.000
       -45         0      -450      -1.000000     -10.000000
 2.000 2.000 2.000
       -45         0      -405      -1.000000      -9.000000
 2.000 2.000 2.000
       -90         0       450      -2.000000      10.000000
 2.000 2.000 2.000
       -90         0       405      -2.000000       9.000000
 2.000 2.000 2.000
       -90         0       360      -2.000000       8.000000
 2.000 2.000 2.000
       -90         0       315      -2.000000       7.000000
 2.000 2.000 2.000
       -90         0       270      -2.000000       6.000000
 2.000 2.000 2.000
       -90         0       225      -2.000000       5.000000
 2.000 2.000 2.000
       -90         0       180      -2.000000       4.000000
 2.000 2.000 2.000
       -90         0       135      -2.000000       3.000000
 2.000 2.000 2.000
       -90         0        90      -2.000000       2.000000
 2.000 2.000 2.000
       -90         0        45      -2.000000       1.000000
 2.000 2.000 2.000
       -90         0         0      -2.000000       0.000000
 2.000 2.000 2.000
       -90         0       -45      -2.000000      -1.000000
 2.000 2.000 2.000
       -90         0       -90      -2.000000      -2.000000
 2.000 2.000 2.000
       -90         0      -135      -2.000000      -3.000000
 2.000 2.000 2.000
       -90         0      -180      -2.000000      -4.000000
 2.000 2.000 2.000
       -90         0      -225      -2.000000      -5.000000
 2.000 2.000 2.000
       -90         0      -270      -2.000000      -6.000000
 2.000 2.000 2.000
       -90         0      -315      -2.000000      -7.000000
 2.000 2.000 2.000
       -90         0      -360      -2.000000      -8.000000
 2.000 2.000 2.000
       -90         0      -450      -2.000000     -10.000000
 2.000 2.000 2.000
       -90         0      -405      -2.000000      -9.000000
 2.000 2.000 2.000
      -135         0       450      -3.000000      10.000000
 2.000 2.000 2.000
      -135         0       405      -3.000000       9.000000
 2.000 2.000 2.000
      -135         0       360      -3.000000       8.000000
 2.000 2.000 2.000
      -135         0       315      -3.000000       7.000000
 2.000 2.000 2.000
      -135         0       270      -3.000000       6.000000
 2.000 2.000 2.000
      -135         0       225      -3.000000       5.000000
 2.000 2.000 2.000
      -135         0       180      -3.000000       4.000000
 2.000 2.000 2.000
      -135         0       135      -3.000000       3.000000
 2.000 2.000 2.000
      -135         0        90      -3.000000       2.000000
 2.000 2.000 2.000
      -135         0        45      -3.000000       1.000000
 2.000 2.000 2.000
      -135         0         0      -3.000000       0.000000
 2.000 2.000 2.000
      -135         0       -45      -3.000000      -1.000000
 2.000 2.000 2.000
      -135         0       -90      -3.000000      -2.000000
 2.000 2.000 2.000
      -135         0      -135      -3.000000      -3.000000
 2.000 2.000 2.000
      -135         0      -180      -3.000000      -4.000000
 2.000 2.000 2.000
      -135         0      -225      -3.000000      -5.000000
 2.000 2.000 2.000
      -135         0      -270      -3.000000      -6.000000
 2.000 2.000 2.000
      -135         0      -315      -3.000000      -7.000000
 2.000 2.000 2.000
      -135         0      -360      -3.000000      -8.000000
 2.000 2.000 2.000
      -135         0      -450      -3.000000     -10.000000
 2.000 2.000 2.000
      -135         0      -405      -3.000000      -9.000000
 2.000 2.000 2.000
      -180         0       450      -4.000000      10.000000
 2.000 2.000 2.000
      -180         0       405      -4.000000       9.000000
 2.000 2.000 2.000
      -180         0       360      -4.000000       8.000000
 2.000 2.000 2.000
      -180         0       315      -4.000000       7.000000
 2.000 2.000 2.000
      -180         0       270      -4.000000       6.000000
 2.000 2.000 2.000
      -180         0       225      -4.000000       5.000000
 2.000 2.000 2.000
      -180         0       180      -4.000000       4.000000
 2.000 2.000 2.000
      -180         0       135      -4.000000       3.000000
 2.000 2.000 2.000
      -180         0        90      -4.000000       2.000000
 2.000 2.000 2.000
      -180         0        45      -4.000000       1.000000
 2.000 2.000 2.000
      -180         0         0      -4.000000       0.000000
 2.000 2.000 2.000
      -180         0       -45      -4.000000      -1.000000
 2.000 2.000 2.000
      -180         0       -90      -4.000000      -2.000000
 2.000 2.000 2.000
      -180         0      -135      -4.000000      -3.000000
 2.000 2.000 2.000
      -180         0      -180      -4.000000      -4.000000
 2.000 2.000 2.000
      -180         0      -225      -4.000000      -5.000000
 2.000 2.000 2.000
      -180         0      -270      -4.000000      -6.000000
 2.000 2.000 2.000
      -180         0      -315      -4.000000      -7.000000
 2.000 2.000 2.000
      -180         0      -360      -4.000000      -8.000000
 2.000 2.000 2.000
      -180         0      -450      -4.000000     -10.000000
 2.000 2.000 2.000
      -180         0      -405      -4.000000      -9.000000
 2.000 2.000 2.000
      -225         0       450      -5.000000      10.000000
 2.000 2.000 2.000
      -225         0       405      -5.000000       9.000000
 2.000 2.000 2.000
      -225         0       360      -5.000000       8.000000
 2.000 2.000 2.000
      -225         0       315      -5.000000       7.000000
 2.000 2.000 2.000
      -225         0       270      -5.000000       6.000000
 2.000 2.000 2.000
      -225         0       225      -5.000000       5.000000
 2.000 2.000 2.000
      -225         0       180      -5.000000       4.000000
 2.000 2.000 2.000
      -225         0       135      -5.000000       3.000000
 2.000 2.000 2.000
      -225         0        90      -5.000000       2.000000
 2.000 2.000 2.000
      -225         0        45      -5.000000       1.000000
 2.000 2.000 2.000
      -225         0         0      -5.000000       0.000000
 2.000 2.000 2.000
      -225         0       -45      -5.000000      -1.000000
 2.000 2.000 2.000
      -225         0       -90      -5.000000      -2.000000
 2.000 2.000 2.000
      -225         0      -135      -5.000000      -3.000000
 2.000 2.000 2.000
      -225         0      -180      -5.000000      -4.000000
 2.000 2.000 2.000
      -225         0      -225      -5.000000      -5.000000
 2.000 2.000 2.000
      -225         0      -270      -5.000000      -6.000000
 2.000 2.000 2.000
      -225         0      -315      -5.000000      -7.000000
 2.000 2.000 2.000
      -225         0      -360      -5.000000      -8.000000
 2.000 2.000 2.000
      -225         0      -450      -5.000000     -10.000000
 2.000 2.000 2.000
      -225         0      -405      -5.000000      -9.000000
 2.000 2.000 2.000
      -270         0       450      -6.000000      10.000000
 2.000 2.000 2.000
      -270         0       405      -6.000000       9.000000
 2.000 2.000 2.000
      -270         0       360      -6.000000       8.000000
 2.000 2.000 2.000
      -270         0       315      -6.000000       7.000000
 2.000 2.000 2.000
      -270         0       270      -6.000000       6.000000
 2.000 2.000 2.000
      -270         0       225      -6.000000       5.000000
 2.000 2.000 2.000
      -270         0       180      -6.000000       4.000000
 2.000 2.000 2.000
      -270         0       135      -6.000000       3.000000
 2.000 2.000 2.000
      -270         0        90      -6.000000       2.000000
 2.000 2.000 2.000
      -270         0        45      -6.000000       1.000000
 2.000 2.000 2.000
      -270         0         0      -6.000000       0.000000
 2.000 2.000 2.000
      -270         0       -45      -6.000000      -1.000000
 2.000 2.000 2.000
      -270         0       -90      -6.000000      -2.000000
 2.000 2.000 2.000
      -270         0      -135      -6.000000      -3.000000
 2.000 2.000 2.000
      -270         0      -180      -6.000000      -4.000000
 2.000 2.000 2.000
      -270         0      -225      -6.000000      -5.000000
 2.000 2.000 2.000
      -270         0      -270      -6.000000      -6.000000
 2.000 2.000 2.000
      -270         0      -315      -6.000000      -7.000000
 2.000 2.000 2.000
      -270         0      -360      -6.000000      -8.000000
 2.000 2.000 2.000
      -270         0      -450      -6.000000     -10.000000
 2.000 2.000 2.000
      -270         0      -405      -6.000000      -9.000000
 2.000 2.000 2.000
      -315         0       450      -7.000000      10.000000
 2.000 2.000 2.000
      -315         0       405      -7.000000       9.000000
 2.000 2.000 2.000
      -315         0       360      -7.000000       8.000000
 2.000 2.000 2.000
      -315         0       315      -7.000000       7.000000
 2.000 2.000 2.000
      -315         0       270      -7.000000       6.000000
 2.000 2.000 2.000
      -315         0       225      -7.000000       5.000000
 2.000 2.000 2.000
      -315         0       180      -7.000000       4.000000
 2.000 2.000 2.000
      -315         0       135      -7.000000       3.000000
 2.000 2.000 2.000
      -315         0        90      -7.000000       2.000000
 2.000 2.000 2.000
      -315         0        45      -7.000000       1.000000
 2.000 2.000 2.000
      -315         0         0      -7.000000       0.000000
 2.000 2.000 2.000
      -315         0       -45      -7.000000      -1.000000
 2.000 2.000 2.000
      -315         0       -90      -7.000000      -2.000000
 2.000 2.000 2.000
      -315         0      -135      -7.000000      -3.000000
 2.000 2.000 2.000
      -315         0      -180      -7.000000      -4.000000
 2.000 2.000 2.000
      -315         0      -225      -7.000000      -5.000000
 2.000 2.000 2.000
      -315         0      -270      -7.000000      -6.000000
 2.000 2.000 2.000
      -315         0      -315      -7.000000      -7.000000
 2.000 2.000 2.000
      -315         0      -360      -7.000000      -8.000000
 2.000 2.000 2.000
      -315         0      -450      -7.000000     -10.000000
 2.000 2.000 2.000
      -315         0      -405      -7.000000      -9.000000
 2.000 2.000 2.000
      -360         0       450      -8.000000      10.000000
 2.000 2.000 2.000
      -360         0       405      -8.000000       9.000000
 2.000 2.000 2.000
      -360         0       360      -8.000000       8.000000
 2.000 2.000 2.000
      -360         0       315      -8.000000       7.000000
 2.000 2.000 2.000
      -360         0       270      -8.000000       6.000000
 2.000 2.000 2.000
      -360         0       225      -8.000000       5.000000
 2.000 2.000 2.000
      -360         0       180      -8.000000       4.000000
 2.000 2.000 2.000
      -360         0       135      -8.000000       3.000000
 2.000 2.000 2.000
      -360         0        90      -8.000000       2.000000
 2.000 2.000 2.000
      -360         0        45      -8.000000       1.000000
 2.000 2.000 2.000
      -360         0         0      -8.000000       0.000000
 2.000 2.000 2.000
      -360         0       -45      -8.000000      -1.000000
 2.000 2.000 2.000
      -360         0       -90      -8.000000      -2.000000
 2.000 2.000 2.000
      -360         0      -135      -8.000000      -3.000000
 2.000 2.000 2.000
      -360         0      -180      -8.000000      -4.000000
 2.000 2.000 2.000
      -360         0      -225      -8.000000      -5.000000
 2.000 2.000 2.000
      -360         0      -270      -8.000000      -6.000000
 2.000 2.000 2.000
      -360         0      -315      -8.000000      -7.000000
 2.000 2.000 2.000
      -360         0      -360      -8.000000      -8.000000
 2.000 2.000 2.000
      -360         0      -450      -8.000000     -10.000000
 2.000 2.000 2.000
      -360         0      -405      -8.000000      -9.000000
 2.000 2.000 2.000
      -405         0       450      -9.000000      10.000000
 2.000 2.000 2.000
      -450         0       450     -10.000000      10.000000
 2.000 2.000 2.000
      -405         0       405      -9.000000       9.000000
 2.000 2.000 2.000
      -450         0       405     -10.000000       9.000000
 2.000 2.000 2.000
      -405         0       360      -9.000000       8.000000
 2.000 2.000 2.000
      -450         0       360     -10.000000       8.000000
 2.000 2.000 2.000
      -405         0       315      -9.000000       7.000000
 2.000 2.000 2.000
      -450         0       315     -10.000000       7.000000
 2.000 2.000 2.000
      -405         0       270      -9.000000       6.000000
 2.000 2.000 2.000
      -450         0       270     -10.000000       6.000000
 2.000 2.000 2.000
      -405         0       225      -9.000000       5.000000
 2.000 2.000 2.000
      -450         0       225     -10.000000       5.000000
 2.000 2.000 2.000
      -405         0       180      -9.000000       4.000000
 2.000 2.000 2.000
      -450         0       180     -10.000000       4.000000
 2.000 2.000 2.000
      -405         0       135      -9.000000       3.000000
 2.000 2.000 2.000
      -450         0       135     -10.000000       3.000000
 2.000 2.000 2.000
      -405         0        90      -9.000000       2.000000
 2.000 2.000 2.000
      -450         0        90     -10.000000       2.000000
 2.000 2.000 2.000
      -405         0        45      -9.000000       1.000000
 2.000 2.000 2.000
      -450         0        45     -10.000000       1.000000
 2.000 2.000 2.000
      -405         0         0      -9.000000       0.000000
 2.000 2.000 2.000
      -450         0         0     -10.000000       0.000000
 2.000 2.000 2.000
      -405         0       -45      -9.000000      -1.000000
 2.000 2.000 2.000
      -450         0       -45     -10.000000      -1.000000
 2.000 2.000 2.000
      -405         0       -90      -9.000000      -2.000000
 2.000 2.000 2.000
      -450         0       -90     -10.000000      -2.000000
 2.000 2.000 2.000
      -405         0      -135      -9.000000      -3.000000
 2.000 2.000 2.000
      -450         0      -135     -10.000000      -3.000000
 2.000 2.000 2.000
      -405         0      -180      -9.000000      -4.000000
 2.000 2.000 2.000
      -450         0      -180     -10.000000      -4.000000
 2.000 2.000 2.000
      -405         0      -225      -9.000000      -5.000000
 2.000 2.000 2.000
      -450         0      -225     -10.000000      -5.000000
 2.000 2.000 2.000
      -405         0      -270      -9.000000      -6.000000
 2.000 2.000 2.000
      -450         0      -270     -10.000000      -6.000000
 2.000 2.000 2.000
      -405         0      -315      -9.000000      -7.000000
 2.000 2.000 2.000
      -450         0      -315     -10.000000      -7.000000
 2.000 2.000 2.000
      -405         0      -360      -9.000000      -8.000000
 2.000 2.000 2.000
      -450         0      -360     -10.000000      -8.000000
 2.000 2.000 2.000
      -405         0      -450      -9.000000     -10.000000
 2.000 2.000 2.000
      -405         0      -405      -9.000000      -9.000000
 2.000 2.000 2.000
      -450         0      -405     -10.000000      -9.000000
 2.000 2.000 2.000
      -450         0      -450     -10.000000     -10.000000
 2.000 2.000 2.000
   800
     1     2    23 0
     1    22    23 1
     2     3    24 0
     2    23    24 1
     3     4    25 0
     3    24    25 1
     4     5    26 0
     4    25    26 1
     5     6    27 0
     5    26    27 1
     6     7    28 0
     6    27    28 1
     7     8    29 0
     7    28    29 1
     8     9    30 0
     8    29    30 1
     9    10    31 0
     9    30    31 1
    10    11    32 0
    10    31    32 1
    11    12    33 0
    11    32    33 1
    12    13    34 0
    12    33    34 1
    13    14    35 0
    13    34    35 1
    14    15    36 0
    14    35    36 1
    15    16    37 0
    15    36    37 1
    16    17    38 0
    16    37    38 1
    17    18    39 0
    17    38    39 1
    18    19    40 0
    18    39    40 1
    19    21    42 0
    19    40    42 1
    20    21    41 0
    21    41    42 1
    22    23    44 0
    22    43    44 1
    23    24    45 0
    23    44    45 1
    24    25    46 0
    24    45    46 1
    25    26    47 0
    25    46    47 1
    26    27    48 0
    26    47    48 1
    27    28    49 0
    27    48    49 1
    28    29    50 0
    28    49    50 1
    29    30    51 0
    29    50    51 1
    30    31    52 0
    30    51    52 1
    31    32    53 0
    31    52    53 1
    32    33    54 0
    32    53    54 1
    33    34    55 0
    33    54    55 1
    34    35    56 0
    34    55    56 1
    35    36    57 0
    35    56    57 1
    36    37    58 0
    36    57    58 1
    37    38    59 0
    37    58    59 1
    38    39    60 0
    38    59    60 1
    39    40    61 0
    39    60    61 1
    40    42    63 0
    40    61    63 1
    41    42    62 0
    42    62    63 1
    43    44    65 0
    43    64    65 1
    44    45    66 0
    44    65    66 1
    45    46    67 0
    45    66    67 1
    46    47    68 0
    46    67    68 1
    47    48    69 0
    47    68    69 1
    48    49    70 0
    48    69    70 1
    49    50    71 0
    49    70    71 1
    50    51    72 0
    50    71    72 1
    51    52    73 0
    51    72    73 1
    52    53    74 0
    52    73    74 1
    53    54    75 0
    53    74    75 1
    54    55    76 0
    54    75    76 1
    55    56    77 0
    55    76    77 1
    56    57    78 0
    56    77    78 1
    57    58    79 0
    57    78    79 1
    58    59    80 0
    58    79    80 1
    59    60    81 0
    59    80    81 1
    60    61    82 0
    60    81    82 1
    61    63    84 0
    61    82    84 1
    62    63    83 0
    63    83    84 1
    64    65    86 0
    64    85    86 1
    65    66    87 0
    65    86    87 1
    66    67    88 0
    66    87    88 1
    67    68    89 0
    67    88    89 1
    68    69    90 0
    68    89    90 1
    69    70    91 0
    69    90    91 1
    70    71    92 0
    70    91    92 1
    71    72    93 0
    71    92    93 1
    72    73    94 0
    72    93    94 1
    73    74    95 0
    73    94    95 1
    74    75    96 0
    74    95    96 1
    75    76    97 0
    75    96    97 1
    76    77    98 0
    76    97    98 1
    77    78    99 0
    77    98    99 1
    78    79   100 0
    78    99   100 1
    79    80   101 0
    79   100   101 1
    80    81   102 0
    80   101   102 1
    81    82   103 0
    81   102   103 1
    82    84   105 0
    82   103   105 1
    83    84   104 0
    84   104   105 1
    85    86   107 0
    85   106   107 1
    86    87   108 0
    86   107   108 1
    87    88   109 0
    87   108   109 1
    88    89   110 0
    88   109   110 1
    89    90   111 0
    89   110   111 1
    90    91   112 0
    90   111   112 1
    91    92   113 0
    91   112   113 1
    92    93   114 0
    92   113   114 1
    93    94   115 0
    93   114   115 1
    94    95   116 0
    94   115   116 1
    95    96   117 0
    95   116   117 1
    96    97   118 0
    96   117   118 1
    97    98   119 0
    97   118   119 1
    98    99   120 0
    98   119   120 1
    99   100   121 0
    99   120   121 1
   100   101   122 0
   100   121   122 1
   101   102   123 0
   101   122   123 1
   102   103   124 0
   102   123   124 1
   103   105   126 0
   103   124   126 1
   104   105   125 0
   105   125   126 1
   106   107   128 0
   106   127   128 1
   107   108   129 0
   107   128   129 1
   108   109   130 0
   108   129   130 1
   109   110   131 0
   109   130   131 1
   110   111   132 0
   110   131   132 1
   111   112   133 0
   111   132   133 1
   112   113   134 0
   112   133   134 1
   113   114   135 0
   113   134   135 1
   114   115   136 0
   114   135   136 1
   115   116   137 0
   115   136   137 1
   116   117   138 0
   116   137   138 1
   117   118   139 0
   117   138   139 1
   118   119   140 0
   118   139   140 1
   119   120   141 0
   119   140   141 1
   120   121   142 0
   120   141   142 1
   121   122   143 0
   121   142   143 1
   122   123   144 0
   122   143   144 1
   123   124   145 0
   123   144   145 1
   124   126   147 0
   124   145   147 1
   125   126   146 0
   126   146   147 1
   127   128   149 0
   127   148   149 1
   128   129   150 0
   128   149   150 1
   129   130   151 0
   129   150   151 1
   130   131   152 0
   130   151   152 1
   131   132   153 0
   131   152   153 1
   132   133   154 0
   132   153   154 1
   133   134   155 0
   133   154   155 1
   134   135   156 0
   134   155   156 1
   135   136   157 0
   135   156   157 1
   136   137   158 0
   136   157   158 1
   137   138   159 0
   137   158   159 1
   138   139   160 0
   138   159   160 1
   139   140   161 0
   139   160   161 1
   140   141   162 0
   140   161   162 1
   141   142   163 0
   141   162   163 1
   142   143   164 0
   142   163   164 1
   143   144   165 0
   143   164   165 1
   144   145   166 0
   144   165   166 1
   145   147   168 0
   145   166   168 1
   146   147   167 0
   147   167   168 1
   148   149   170 0
   148   169   170 1
   149   150   171 0
   149   170   171 1
   150   151   172 0
   150   171   172 1
   151   152   173 0
   151   172   173 1
   152   153   174 0
   152   173   174 1
   153   154   175 0
   153   174   175 1
   154   155   176 0
   154   175   176 1
   155   156   177 0
   155   176   177 1
   156   157   178 0
   156   177   178 1
   157   158   179 0
   157   178   179 1
   158   159   180 0
   158   179   180 1
   159   160   181 0
   159   180   181 1
   160   161   182 0
   160   181   182 1
   161   162   183 0
   161   182   183 1
   162   163   184 0
   162   183   184 1
   163   164   185 0
   163   184   185 1
   164   165   186 0
   164   185   186 1
   165   166   187 0
   165   186   187 1
   166   168   189 0
   166   187   189 1
   167   168   188 0
   168   188   189 1
   169   170   191 0
   169   190   191 1
   170   171   192 0
   170   191   192 1
   171   172   193 0
   171   192   193 1
   172   173   194 0
   172   193   194 1
   173   174   195 0
   173   194   195 1
   174   175   196 0
   174   195   196 1
   175   176   197 0
   175   196   197 1
   176   177   198 0
   176   197   198 1
   177   178   199 0
   177   198   199 1
   178   179   200 0
   178   199   200 1
   179   180   201 0
   179   200   201 1
   180   181   202 0
   180   201   202 1
   181   182   203 0
   181   202   203 1
   182   183   204 0
   182   203   204 1
   183   184   205 0
   183   204   205 1
   184   185   206 0
   184   205   206 1
   185   186   207 0
   185   206   207 1
   186   187   208 0
   186   207   208 1
   187   189   210 0
   187   208   210 1
   188   189   209 0
   189   209   210 1
   190   191   212 0
   190   211   212 1
   191   192   213 0
   191   212   213 1
   192   193   214 0
   192   213   214 1
   193   194   215 0
   193   214   215 1
   194   195   216 0
   194   215   216 1
   195   196   217 0
   195   216   217 1
   196   197   218 0
   196   217   218 1
   197   198   219 0
   197   218   219 1
   198   199   220 0
   198   219   220 1
   199   200   221 0
   199   220   221 1
   200   201   222 0
   200   221   222 1
   201   202   223 0
   201   222   223 1
   202   203   224 0
   202   223   224 1
   203   204   225 0
   203   224   225 1
   204   205   226 0
   204   225   226 1
   205   206   227 0
   205   226   227 1
   206   207   228 0
   206   227   228 1
   207   208   229 0
   207   228   229 1
   208   210   231 0
   208   229   231 1
   209   210   230 0
   210   230   231 1
   211   212   233 0
   211   232   233 1
   212   213   234 0
   212   233   234 1
   213   214   235 0
   213   234   235 1
   214   215   236 0
   214   235   236 1
   215   216   237 0
   215   236   237 1
   216   217   238 0
   216   237   238 1
   217   218   239 0
   217   238   239 1
   218   219   240 0
   218   239   240 1
   219   220   241 0
   219   240   241 1
   220   221   242 0
   220   241   242 1
   221   222   243 0
   221   242   243 1
   222   223   244 0
   222   243   244 1
   223   224   245 0
   223   244   245 1
   224   225   246 0
   224   245   246 1
   225   226   247 0
   225   246   247 1
   226   227   248 0
   226   247   248 1
   227   228   249 0
   227   248   249 1
   228   229   250 0
   228   249   250 1
   229   231   252 0
   229   250   252 1
   230   231   251 0
   231   251   252 1
   232   233   254 0
   232   253   254 1
   233   234   255 0
   233   254   255 1
   234   235   256 0
   234   255   256 1
   235   236   257 0
   235   256   257 1
   236   237   258 0
   236   257   258 1
   237   238   259 0
   237   258   259 1
   238   239   260 0
   238   259   260 1
   239   240   261 0
   239   260   261 1
   240   241   262 0
   240   261   262 1
   241   242   263 0
   241   262   263 1
   242   243   264 0
   242   263   264 1
   243   244   265 0
   243   264   265 1
   244   245   266 0
   244   265   266 1
   245   246   267 0
   245   266   267 1
   246   247   268 0
   246   267   268 1
   247   248   269 0
   247   268   269 1
   248   249   270 0
   248   269   270 1
   249   250   271 0
   249   270   271 1
   250   252   273 0
   250   271   273 1
   251   252   272 0
   252   272   273 1
   253   254   275 0
   253   274   275 1
   254   255   276 0
   254   275   276 1
   255   256   277 0
   255   276   277 1
   256   257   278 0
   256   277   278 1
   257   258   279 0
   257   278   279 1
   258   259   280 0
   258   279   280 1
   259   260   281 0
   259   280   281 1
   260   261   282 0
   260   281   282 1
   261   262   283 0
   261   282   283 1
   262   263   284 0
   262   283   284 1
   263   264   285 0
   263   284   285 1
   264   265   286 0
   264   285   286 1
   265   266   287 0
   265   286   287 1
   266   267   288 0
   266   287   288 1
   267   268   289 0
   267   288   289 1
   268   269   290 0
   268   289   290 1
   269   270   291 0
   269   290   291 1
   270   271   292 0
   270   291   292 1
   271   273   294 0
   271   292   294 1
   272   273   293 0
   273   293   294 1
   274   275   296 0
   274   295   296 1
   275   276   297 0
   275   296   297 1
   276   277   298 0
   276   297   298 1
   277   278   299 0
   277   298   299 1
   278   279   300 0
   278   299   300 1
   279   280   301 0
   279   300   301 1
   280   281   302 0
   280   301   302 1
   281   282   303 0
   281   302   303 1
   282   283   304 0
   282   303   304 1
   283   284   305 0
   283   304   305 1
   284   285   306 0
   284   305   306 1
   285   286   307 0
   285   306   307 1
   286   287   308 0
   286   307   308 1
   287   288   309 0
   287   308   309 1
   288   289   310 0
   288   309   310 1
   289   290   311 0
   289   310   311 1
   290   291   312 0
   290   311   312 1
   291   292   313 0
   291   312   313 1
   292   294   315 0
   292   313   315 1
   293   294   314 0
   294   314   315 1
   295   296   317 0
   295   316   317 1
   296   297   318 0
   296   317   318 1
   297   298   319 0
   297   318   319 1
   298   299   320 0
   298   319   320 1
   299   300   321 0
   299   320   321 1
   300   301   322 0
   300   321   322 1
   301   302   323 0
   301   322   323 1
   302   303   324 0
   302   323   324 1
   303   304   325 0
   303   324   325 1
   304   305   326 0
   304   325   326 1
   305   306   327 0
   305   326   327 1
   306   307   328 0
   306   327   328 1
   307   308   329 0
   307   328   329 1
   308   309   330 0
   308   329   330 1
   309   310   331 0
   309   330   331 1
   310   311   332 0
   310   331   332 1
   311   312   333 0
   311   332   333 1
   312   313   334 0
   312   333   334 1
   313   315   336 0
   313   334   336 1
   314   315   335 0
   315   335   336 1
   316   317   338 0
   316   337   338 1
   317   318   339 0
   317   338   339 1
   318   319   340 0
   318   339   340 1
   319   320   341 0
   319   340   341 1
   320   321   342 0
   320   341   342 1
   321   322   343 0
   321   342   343 1
   322   323   344 0
   322   343   344 1
   323   324   345 0
   323   344   345 1
   324   325   346 0
   324   345   346 1
   325   326   347 0
   325   346   347 1
   326   327   348 0
   326   347   348 1
   327   328   349 0
   327   348   349 1
   328   329   350 0
   328   349   350 1
   329   330   351 0
   329   350   351 1
   330   331   352 0
   330   351   352 1
   331   332   353 0
   331   352   353 1
   332   333   354 0
   332   353   354 1
   333   334   355 0
   333   354   355 1
   334   336   357 0
   334   355   357 1
   335   336   356 0
   336   356   357 1
   337   338   359 0
   337   358   359 1
   338   339   360 0
   338   359   360 1
   339   340   361 0
   339   360   361 1
   340   341   362 0
   340   361   362 1
   341   342   363 0
   341   362   363 1
   342   343   364 0
   342   363   364 1
   343   344   365 0
   343   364   365 1
   344   345   366 0
   344   365   366 1
   345   346   367 0
   345   366   367 1
   346   347   368 0
   346   367   368 1
   347   348   369 0
   347   368   369 1
   348   349   370 0
   348   369   370 1
   349   350   371 0
   349   370   371 1
   350   351   372 0
   350   371   372 1
   351   352   373 0
   351   372   373 1
   352   353   374 0
   352   373   374 1
   353   354   375 0
   353   374   375 1
   354   355   376 0
   354   375   376 1
   355   357   378 0
   355   376   378 1
   356   357   377 0
   357   377   378 1
   358   359   380 0
   358   379   380 1
   359   360   381 0
   359   380   381 1
   360   361   382 0
   360   381   382 1
   361   362   383 0
   361   382   383 1
   362   363   384 0
   362   383   384 1
   363   364   385 0
   363   384   385 1
   364   365   386 0
   364   385   386 1
   365   366   387 0
   365   386   387 1
   366   367   388 0
   366   387   388 1
   367   368   389 0
   367   388   389 1
   368   369   390 0
   368   389   390 1
   369   370   391 0
   369   390   391 1
   370   371   392 0
   370   391   392 1
   371   372   393 0
   371   392   393 1
   372   373   394 0
   372   393   394 1
   373   374   395 0
   373   394   395 1
   374   375   396 0
   374   395   396 1
   375   376   397 0
   375   396   397 1
   376   378   399 0
   376   397   399 1
   377   378   398 0
   378   398   399 1
   379   380   402 0
   379   400   402 1
   380   381   404 0
   380   402   404 1
   381   382   406 0
   381   404   406 1
   382   383   408 0
   382   406   408 1
   383   384   410 0
   383   408   410 1
   384   385   412 0
   384   410   412 1
   385   386   414 0
   385   412   414 1
   386   387   416 0
   386   414   416 1
   387   388   418 0
   387   416   418 1
   388   389   420 0
   388   418   420 1
   389   390   422 0
   389   420   422 1
   390   391   424 0
   390   422   424 1
   391   392   426 0
   391   424   426 1
   392   393   428 0
   392   426   428 1
   393   394   430 0
   393   428   430 1
   394   395   432 0
   394   430   432 1
   395   396   434 0
   395   432   434 1
   396   397   436 0
   396   434   436 1
   397   399   439 0
   397   436   439 1
   398   399   438 0
   399   438   439 1
   400   402   403 0
   400   401   403 1
   402   404   405 0
   402   403   405 1
   404   406   407 0
   404   405   407 1
   406   408   409 0
   406   407   409 1
   408   410   411 0
   408   409   411 1
   410   412   413 0
   410   411   413 1
   412   414   415 0
   412   413   415 1
   414   416   417 0
   414   415   417 1
   416   418   419 0
   416   417   419 1
   418   420   421 0
   418   419   421 1
   420   422   423 0
   420   421   423 1
   422   424   425 0
   422   423   425 1
   424   426   427 0
   424   425   427 1
   426   428   429 0
   426   427   429 1
   428   430   431 0
   428   429   431 1
   430   432   433 0
   430   431   433 1
   432   434   435 0
   432   433   435 1
   434   436   437 0
   434   435   437 1
   436   439   440 0
   436   437   440 1
   438   439   441 0
   439   440   441 1
